{"C:\\Users\\carlo\\OneDrive\\Escritorio\\ticket-registrator\\ticket-registrator\\packages\\shared\\src\\api\\auth.ts": {"path":"C:\\Users\\carlo\\OneDrive\\Escritorio\\ticket-registrator\\ticket-registrator\\packages\\shared\\src\\api\\auth.ts","statementMap":{"0":{"start":{"line":4,"column":23},"end":{"line":17,"column":2}},"1":{"start":{"line":4,"column":51},"end":{"line":17,"column":2}},"2":{"start":{"line":6,"column":25},"end":{"line":6,"column":86}},"3":{"start":{"line":7,"column":8},"end":{"line":7,"column":29}},"4":{"start":{"line":10,"column":25},"end":{"line":10,"column":69}},"5":{"start":{"line":11,"column":8},"end":{"line":11,"column":29}},"6":{"start":{"line":14,"column":25},"end":{"line":14,"column":61}},"7":{"start":{"line":15,"column":8},"end":{"line":15,"column":29}},"8":{"start":{"line":4,"column":13},"end":{"line":4,"column":23}}},"fnMap":{"0":{"name":"(anonymous_0)","decl":{"start":{"line":4,"column":23},"end":{"line":4,"column":24}},"loc":{"start":{"line":4,"column":51},"end":{"line":17,"column":2}}},"1":{"name":"(anonymous_1)","decl":{"start":{"line":5,"column":11},"end":{"line":5,"column":16}},"loc":{"start":{"line":5,"column":71},"end":{"line":8,"column":5}}},"2":{"name":"(anonymous_2)","decl":{"start":{"line":9,"column":14},"end":{"line":9,"column":19}},"loc":{"start":{"line":9,"column":62},"end":{"line":12,"column":5}}},"3":{"name":"(anonymous_3)","decl":{"start":{"line":13,"column":11},"end":{"line":13,"column":16}},"loc":{"start":{"line":13,"column":38},"end":{"line":16,"column":5}}}},"branchMap":{},"s":{"0":0,"1":0,"2":0,"3":0,"4":0,"5":0,"6":0,"7":0,"8":0},"f":{"0":0,"1":0,"2":0,"3":0},"b":{}}
,"C:\\Users\\carlo\\OneDrive\\Escritorio\\ticket-registrator\\ticket-registrator\\packages\\shared\\src\\api\\baseClient.ts": {"path":"C:\\Users\\carlo\\OneDrive\\Escritorio\\ticket-registrator\\ticket-registrator\\packages\\shared\\src\\api\\baseClient.ts","statementMap":{"0":{"start":{"line":1,"column":0},"end":{"line":1,"column":65}},"1":{"start":{"line":10,"column":31},"end":{"line":46,"column":1}},"2":{"start":{"line":14,"column":19},"end":{"line":19,"column":6}},"3":{"start":{"line":21,"column":4},"end":{"line":30,"column":6}},"4":{"start":{"line":23,"column":26},"end":{"line":23,"column":56}},"5":{"start":{"line":24,"column":12},"end":{"line":26,"column":13}},"6":{"start":{"line":25,"column":16},"end":{"line":25,"column":65}},"7":{"start":{"line":27,"column":12},"end":{"line":27,"column":26}},"8":{"start":{"line":29,"column":19},"end":{"line":29,"column":40}},"9":{"start":{"line":32,"column":4},"end":{"line":43,"column":6}},"10":{"start":{"line":33,"column":22},"end":{"line":33,"column":30}},"11":{"start":{"line":35,"column":12},"end":{"line":40,"column":13}},"12":{"start":{"line":36,"column":16},"end":{"line":36,"column":50}},"13":{"start":{"line":37,"column":16},"end":{"line":39,"column":17}},"14":{"start":{"line":38,"column":20},"end":{"line":38,"column":51}},"15":{"start":{"line":41,"column":12},"end":{"line":41,"column":41}},"16":{"start":{"line":45,"column":4},"end":{"line":45,"column":18}},"17":{"start":{"line":10,"column":13},"end":{"line":10,"column":31}}},"fnMap":{"0":{"name":"(anonymous_0)","decl":{"start":{"line":10,"column":31},"end":{"line":10,"column":null}},"loc":{"start":{"line":13,"column":19},"end":{"line":46,"column":1}}},"1":{"name":"(anonymous_1)","decl":{"start":{"line":22,"column":8},"end":{"line":22,"column":13}},"loc":{"start":{"line":22,"column":25},"end":{"line":28,"column":9}}},"2":{"name":"(anonymous_2)","decl":{"start":{"line":29,"column":8},"end":{"line":29,"column":9}},"loc":{"start":{"line":29,"column":19},"end":{"line":29,"column":40}}},"3":{"name":"(anonymous_3)","decl":{"start":{"line":33,"column":8},"end":{"line":33,"column":9}},"loc":{"start":{"line":33,"column":22},"end":{"line":33,"column":30}}},"4":{"name":"(anonymous_4)","decl":{"start":{"line":34,"column":8},"end":{"line":34,"column":13}},"loc":{"start":{"line":34,"column":24},"end":{"line":42,"column":9}}}},"branchMap":{"0":{"loc":{"start":{"line":24,"column":12},"end":{"line":26,"column":13}},"type":"if","locations":[{"start":{"line":24,"column":12},"end":{"line":26,"column":13}},{"start":{},"end":{}}]},"1":{"loc":{"start":{"line":35,"column":12},"end":{"line":40,"column":13}},"type":"if","locations":[{"start":{"line":35,"column":12},"end":{"line":40,"column":13}},{"start":{},"end":{}}]},"2":{"loc":{"start":{"line":35,"column":16},"end":{"line":35,"column":38}},"type":"cond-expr","locations":[{"start":{"line":35,"column":30},"end":{"line":35,"column":32}},{"start":{"line":35,"column":30},"end":{"line":35,"column":38}}]},"3":{"loc":{"start":{"line":35,"column":16},"end":{"line":35,"column":32}},"type":"binary-expr","locations":[{"start":{"line":35,"column":16},"end":{"line":35,"column":32}},{"start":{"line":35,"column":30},"end":{"line":35,"column":32}}]},"4":{"loc":{"start":{"line":37,"column":16},"end":{"line":39,"column":17}},"type":"if","locations":[{"start":{"line":37,"column":16},"end":{"line":39,"column":17}},{"start":{},"end":{}}]}},"s":{"0":0,"1":0,"2":0,"3":0,"4":0,"5":0,"6":0,"7":0,"8":0,"9":0,"10":0,"11":0,"12":0,"13":0,"14":0,"15":0,"16":0,"17":0},"f":{"0":0,"1":0,"2":0,"3":0,"4":0},"b":{"0":[0,0],"1":[0,0],"2":[0,0],"3":[0,0],"4":[0,0]}}
,"C:\\Users\\carlo\\OneDrive\\Escritorio\\ticket-registrator\\ticket-registrator\\packages\\shared\\src\\api\\clientContainer.ts": {"path":"C:\\Users\\carlo\\OneDrive\\Escritorio\\ticket-registrator\\ticket-registrator\\packages\\shared\\src\\api\\clientContainer.ts","statementMap":{"0":{"start":{"line":2,"column":0},"end":{"line":2,"column":33}},"1":{"start":{"line":3,"column":0},"end":{"line":3,"column":39}},"2":{"start":{"line":4,"column":0},"end":{"line":4,"column":39}},"3":{"start":{"line":6,"column":35},"end":{"line":6,"column":39}},"4":{"start":{"line":8,"column":28},"end":{"line":10,"column":1}},"5":{"start":{"line":9,"column":4},"end":{"line":9,"column":27}},"6":{"start":{"line":8,"column":13},"end":{"line":8,"column":28}},"7":{"start":{"line":12,"column":28},"end":{"line":17,"column":1}},"8":{"start":{"line":13,"column":4},"end":{"line":15,"column":5}},"9":{"start":{"line":14,"column":8},"end":{"line":14,"column":79}},"10":{"start":{"line":16,"column":4},"end":{"line":16,"column":18}},"11":{"start":{"line":12,"column":13},"end":{"line":12,"column":28}},"12":{"start":{"line":19,"column":13},"end":{"line":23,"column":2}},"13":{"start":{"line":20,"column":16},"end":{"line":20,"column":39}},"14":{"start":{"line":21,"column":19},"end":{"line":21,"column":45}},"15":{"start":{"line":22,"column":19},"end":{"line":22,"column":45}}},"fnMap":{"0":{"name":"(anonymous_0)","decl":{"start":{"line":8,"column":28},"end":{"line":8,"column":29}},"loc":{"start":{"line":8,"column":61},"end":{"line":10,"column":1}}},"1":{"name":"(anonymous_1)","decl":{"start":{"line":12,"column":28},"end":{"line":12,"column":31}},"loc":{"start":{"line":12,"column":33},"end":{"line":17,"column":1}}},"2":{"name":"(anonymous_2)","decl":{"start":{"line":20,"column":10},"end":{"line":20,"column":13}},"loc":{"start":{"line":20,"column":16},"end":{"line":20,"column":39}}},"3":{"name":"(anonymous_3)","decl":{"start":{"line":21,"column":13},"end":{"line":21,"column":16}},"loc":{"start":{"line":21,"column":19},"end":{"line":21,"column":45}}},"4":{"name":"(anonymous_4)","decl":{"start":{"line":22,"column":13},"end":{"line":22,"column":16}},"loc":{"start":{"line":22,"column":19},"end":{"line":22,"column":45}}}},"branchMap":{"0":{"loc":{"start":{"line":13,"column":4},"end":{"line":15,"column":5}},"type":"if","locations":[{"start":{"line":13,"column":4},"end":{"line":15,"column":5}},{"start":{},"end":{}}]}},"s":{"0":0,"1":0,"2":0,"3":0,"4":0,"5":0,"6":0,"7":0,"8":0,"9":0,"10":0,"11":0,"12":0,"13":0,"14":0,"15":0},"f":{"0":0,"1":0,"2":0,"3":0,"4":0},"b":{"0":[0,0]}}
,"C:\\Users\\carlo\\OneDrive\\Escritorio\\ticket-registrator\\ticket-registrator\\packages\\shared\\src\\api\\reports.ts": {"path":"C:\\Users\\carlo\\OneDrive\\Escritorio\\ticket-registrator\\ticket-registrator\\packages\\shared\\src\\api\\reports.ts","statementMap":{"0":{"start":{"line":4,"column":26},"end":{"line":24,"column":2}},"1":{"start":{"line":4,"column":54},"end":{"line":24,"column":2}},"2":{"start":{"line":6,"column":25},"end":{"line":6,"column":64}},"3":{"start":{"line":7,"column":8},"end":{"line":7,"column":29}},"4":{"start":{"line":10,"column":25},"end":{"line":10,"column":68}},"5":{"start":{"line":11,"column":8},"end":{"line":11,"column":29}},"6":{"start":{"line":14,"column":25},"end":{"line":14,"column":69}},"7":{"start":{"line":15,"column":8},"end":{"line":15,"column":29}},"8":{"start":{"line":18,"column":25},"end":{"line":18,"column":77}},"9":{"start":{"line":19,"column":8},"end":{"line":19,"column":29}},"10":{"start":{"line":22,"column":8},"end":{"line":22,"column":46}},"11":{"start":{"line":4,"column":13},"end":{"line":4,"column":26}}},"fnMap":{"0":{"name":"(anonymous_0)","decl":{"start":{"line":4,"column":26},"end":{"line":4,"column":27}},"loc":{"start":{"line":4,"column":54},"end":{"line":24,"column":2}}},"1":{"name":"(anonymous_1)","decl":{"start":{"line":5,"column":12},"end":{"line":5,"column":17}},"loc":{"start":{"line":5,"column":43},"end":{"line":8,"column":5}}},"2":{"name":"(anonymous_2)","decl":{"start":{"line":9,"column":12},"end":{"line":9,"column":17}},"loc":{"start":{"line":9,"column":51},"end":{"line":12,"column":5}}},"3":{"name":"(anonymous_3)","decl":{"start":{"line":13,"column":12},"end":{"line":13,"column":17}},"loc":{"start":{"line":13,"column":65},"end":{"line":16,"column":5}}},"4":{"name":"(anonymous_4)","decl":{"start":{"line":17,"column":12},"end":{"line":17,"column":17}},"loc":{"start":{"line":17,"column":51},"end":{"line":20,"column":5}}},"5":{"name":"(anonymous_5)","decl":{"start":{"line":21,"column":12},"end":{"line":21,"column":17}},"loc":{"start":{"line":21,"column":48},"end":{"line":23,"column":5}}}},"branchMap":{},"s":{"0":0,"1":0,"2":0,"3":0,"4":0,"5":0,"6":0,"7":0,"8":0,"9":0,"10":0,"11":0},"f":{"0":0,"1":0,"2":0,"3":0,"4":0,"5":0},"b":{}}
,"C:\\Users\\carlo\\OneDrive\\Escritorio\\ticket-registrator\\ticket-registrator\\packages\\shared\\src\\api\\tickets.ts": {"path":"C:\\Users\\carlo\\OneDrive\\Escritorio\\ticket-registrator\\ticket-registrator\\packages\\shared\\src\\api\\tickets.ts","statementMap":{"0":{"start":{"line":4,"column":26},"end":{"line":32,"column":2}},"1":{"start":{"line":4,"column":54},"end":{"line":32,"column":2}},"2":{"start":{"line":6,"column":25},"end":{"line":6,"column":84}},"3":{"start":{"line":7,"column":8},"end":{"line":7,"column":29}},"4":{"start":{"line":10,"column":25},"end":{"line":10,"column":94}},"5":{"start":{"line":11,"column":8},"end":{"line":11,"column":29}},"6":{"start":{"line":14,"column":25},"end":{"line":18,"column":10}},"7":{"start":{"line":19,"column":8},"end":{"line":19,"column":29}},"8":{"start":{"line":22,"column":25},"end":{"line":22,"column":102}},"9":{"start":{"line":23,"column":8},"end":{"line":23,"column":29}},"10":{"start":{"line":26,"column":8},"end":{"line":26,"column":72}},"11":{"start":{"line":29,"column":25},"end":{"line":29,"column":108}},"12":{"start":{"line":30,"column":8},"end":{"line":30,"column":29}},"13":{"start":{"line":4,"column":13},"end":{"line":4,"column":26}}},"fnMap":{"0":{"name":"(anonymous_0)","decl":{"start":{"line":4,"column":26},"end":{"line":4,"column":27}},"loc":{"start":{"line":4,"column":54},"end":{"line":32,"column":2}}},"1":{"name":"(anonymous_1)","decl":{"start":{"line":5,"column":17},"end":{"line":5,"column":22}},"loc":{"start":{"line":5,"column":64},"end":{"line":8,"column":5}}},"2":{"name":"(anonymous_2)","decl":{"start":{"line":9,"column":9},"end":{"line":9,"column":14}},"loc":{"start":{"line":9,"column":72},"end":{"line":12,"column":5}}},"3":{"name":"(anonymous_3)","decl":{"start":{"line":13,"column":12},"end":{"line":13,"column":17}},"loc":{"start":{"line":13,"column":77},"end":{"line":20,"column":5}}},"4":{"name":"(anonymous_4)","decl":{"start":{"line":21,"column":12},"end":{"line":21,"column":17}},"loc":{"start":{"line":21,"column":99},"end":{"line":24,"column":5}}},"5":{"name":"(anonymous_5)","decl":{"start":{"line":25,"column":12},"end":{"line":25,"column":17}},"loc":{"start":{"line":25,"column":72},"end":{"line":27,"column":5}}},"6":{"name":"(anonymous_6)","decl":{"start":{"line":28,"column":17},"end":{"line":28,"column":22}},"loc":{"start":{"line":28,"column":88},"end":{"line":31,"column":5}}}},"branchMap":{},"s":{"0":0,"1":0,"2":0,"3":0,"4":0,"5":0,"6":0,"7":0,"8":0,"9":0,"10":0,"11":0,"12":0,"13":0},"f":{"0":0,"1":0,"2":0,"3":0,"4":0,"5":0,"6":0},"b":{}}
,"C:\\Users\\carlo\\OneDrive\\Escritorio\\ticket-registrator\\ticket-registrator\\packages\\shared\\src\\hooks\\useAuth.ts": {"path":"C:\\Users\\carlo\\OneDrive\\Escritorio\\ticket-registrator\\ticket-registrator\\packages\\shared\\src\\hooks\\useAuth.ts","statementMap":{"0":{"start":{"line":1,"column":0},"end":{"line":1,"column":62}},"1":{"start":{"line":3,"column":0},"end":{"line":3,"column":45}},"2":{"start":{"line":5,"column":32},"end":{"line":10,"column":1}},"3":{"start":{"line":6,"column":4},"end":{"line":9,"column":7}},"4":{"start":{"line":7,"column":50},"end":{"line":7,"column":79}},"5":{"start":{"line":5,"column":13},"end":{"line":5,"column":32}},"6":{"start":{"line":12,"column":35},"end":{"line":17,"column":1}},"7":{"start":{"line":13,"column":4},"end":{"line":16,"column":7}},"8":{"start":{"line":14,"column":47},"end":{"line":14,"column":76}},"9":{"start":{"line":12,"column":13},"end":{"line":12,"column":35}},"10":{"start":{"line":19,"column":28},"end":{"line":26,"column":1}},"11":{"start":{"line":20,"column":4},"end":{"line":25,"column":7}},"12":{"start":{"line":22,"column":23},"end":{"line":22,"column":41}},"13":{"start":{"line":19,"column":13},"end":{"line":19,"column":28}}},"fnMap":{"0":{"name":"(anonymous_0)","decl":{"start":{"line":5,"column":32},"end":{"line":5,"column":33}},"loc":{"start":{"line":5,"column":50},"end":{"line":10,"column":1}}},"1":{"name":"(anonymous_1)","decl":{"start":{"line":7,"column":20},"end":{"line":7,"column":21}},"loc":{"start":{"line":7,"column":50},"end":{"line":7,"column":79}}},"2":{"name":"(anonymous_2)","decl":{"start":{"line":12,"column":35},"end":{"line":12,"column":36}},"loc":{"start":{"line":12,"column":53},"end":{"line":17,"column":1}}},"3":{"name":"(anonymous_3)","decl":{"start":{"line":14,"column":20},"end":{"line":14,"column":21}},"loc":{"start":{"line":14,"column":47},"end":{"line":14,"column":76}}},"4":{"name":"(anonymous_4)","decl":{"start":{"line":19,"column":28},"end":{"line":19,"column":31}},"loc":{"start":{"line":19,"column":33},"end":{"line":26,"column":1}}},"5":{"name":"(anonymous_5)","decl":{"start":{"line":22,"column":17},"end":{"line":22,"column":20}},"loc":{"start":{"line":22,"column":23},"end":{"line":22,"column":41}}}},"branchMap":{},"s":{"0":0,"1":0,"2":0,"3":0,"4":0,"5":0,"6":0,"7":0,"8":0,"9":0,"10":0,"11":0,"12":0,"13":0},"f":{"0":0,"1":0,"2":0,"3":0,"4":0,"5":0},"b":{}}
,"C:\\Users\\carlo\\OneDrive\\Escritorio\\ticket-registrator\\ticket-registrator\\packages\\shared\\src\\hooks\\useReports.ts": {"path":"C:\\Users\\carlo\\OneDrive\\Escritorio\\ticket-registrator\\ticket-registrator\\packages\\shared\\src\\hooks\\useReports.ts","statementMap":{"0":{"start":{"line":1,"column":0},"end":{"line":1,"column":78}},"1":{"start":{"line":3,"column":0},"end":{"line":3,"column":45}},"2":{"start":{"line":5,"column":31},"end":{"line":10,"column":1}},"3":{"start":{"line":6,"column":4},"end":{"line":9,"column":7}},"4":{"start":{"line":8,"column":23},"end":{"line":8,"column":45}},"5":{"start":{"line":5,"column":13},"end":{"line":5,"column":31}},"6":{"start":{"line":12,"column":30},"end":{"line":18,"column":1}},"7":{"start":{"line":13,"column":4},"end":{"line":17,"column":7}},"8":{"start":{"line":15,"column":23},"end":{"line":15,"column":48}},"9":{"start":{"line":12,"column":13},"end":{"line":12,"column":30}},"10":{"start":{"line":20,"column":39},"end":{"line":32,"column":1}},"11":{"start":{"line":21,"column":24},"end":{"line":21,"column":40}},"12":{"start":{"line":22,"column":4},"end":{"line":31,"column":7}},"13":{"start":{"line":23,"column":50},"end":{"line":23,"column":76}},"14":{"start":{"line":25,"column":12},"end":{"line":25,"column":69}},"15":{"start":{"line":26,"column":12},"end":{"line":26,"column":56}},"16":{"start":{"line":26,"column":36},"end":{"line":26,"column":56}},"17":{"start":{"line":29,"column":13},"end":{"line":29,"column":58}},"18":{"start":{"line":29,"column":35},"end":{"line":29,"column":58}},"19":{"start":{"line":20,"column":13},"end":{"line":20,"column":39}},"20":{"start":{"line":34,"column":39},"end":{"line":47,"column":1}},"21":{"start":{"line":35,"column":24},"end":{"line":35,"column":40}},"22":{"start":{"line":36,"column":4},"end":{"line":46,"column":7}},"23":{"start":{"line":37,"column":36},"end":{"line":37,"column":60}},"24":{"start":{"line":39,"column":12},"end":{"line":39,"column":69}},"25":{"start":{"line":40,"column":12},"end":{"line":40,"column":73}},"26":{"start":{"line":41,"column":12},"end":{"line":41,"column":60}},"27":{"start":{"line":41,"column":36},"end":{"line":41,"column":60}},"28":{"start":{"line":44,"column":12},"end":{"line":44,"column":57}},"29":{"start":{"line":44,"column":34},"end":{"line":44,"column":57}},"30":{"start":{"line":34,"column":13},"end":{"line":34,"column":39}},"31":{"start":{"line":49,"column":39},"end":{"line":58,"column":1}},"32":{"start":{"line":50,"column":24},"end":{"line":50,"column":40}},"33":{"start":{"line":51,"column":4},"end":{"line":57,"column":7}},"34":{"start":{"line":52,"column":36},"end":{"line":52,"column":60}},"35":{"start":{"line":54,"column":12},"end":{"line":54,"column":69}},"36":{"start":{"line":55,"column":12},"end":{"line":55,"column":56}},"37":{"start":{"line":55,"column":36},"end":{"line":55,"column":56}},"38":{"start":{"line":49,"column":13},"end":{"line":49,"column":39}}},"fnMap":{"0":{"name":"(anonymous_0)","decl":{"start":{"line":5,"column":31},"end":{"line":5,"column":34}},"loc":{"start":{"line":5,"column":36},"end":{"line":10,"column":1}}},"1":{"name":"(anonymous_1)","decl":{"start":{"line":8,"column":17},"end":{"line":8,"column":20}},"loc":{"start":{"line":8,"column":23},"end":{"line":8,"column":45}}},"2":{"name":"(anonymous_2)","decl":{"start":{"line":12,"column":30},"end":{"line":12,"column":31}},"loc":{"start":{"line":12,"column":46},"end":{"line":18,"column":1}}},"3":{"name":"(anonymous_3)","decl":{"start":{"line":15,"column":17},"end":{"line":15,"column":20}},"loc":{"start":{"line":15,"column":23},"end":{"line":15,"column":48}}},"4":{"name":"(anonymous_4)","decl":{"start":{"line":20,"column":39},"end":{"line":20,"column":40}},"loc":{"start":{"line":20,"column":57},"end":{"line":32,"column":1}}},"5":{"name":"(anonymous_5)","decl":{"start":{"line":23,"column":20},"end":{"line":23,"column":21}},"loc":{"start":{"line":23,"column":50},"end":{"line":23,"column":76}}},"6":{"name":"(anonymous_6)","decl":{"start":{"line":24,"column":19},"end":{"line":24,"column":22}},"loc":{"start":{"line":24,"column":24},"end":{"line":27,"column":9}}},"7":{"name":"(anonymous_7)","decl":{"start":{"line":28,"column":17},"end":{"line":28,"column":18}},"loc":{"start":{"line":28,"column":32},"end":{"line":30,"column":9}}},"8":{"name":"(anonymous_8)","decl":{"start":{"line":34,"column":39},"end":{"line":34,"column":40}},"loc":{"start":{"line":34,"column":57},"end":{"line":47,"column":1}}},"9":{"name":"(anonymous_9)","decl":{"start":{"line":37,"column":20},"end":{"line":37,"column":21}},"loc":{"start":{"line":37,"column":36},"end":{"line":37,"column":60}}},"10":{"name":"(anonymous_10)","decl":{"start":{"line":38,"column":19},"end":{"line":38,"column":20}},"loc":{"start":{"line":38,"column":32},"end":{"line":42,"column":9}}},"11":{"name":"(anonymous_11)","decl":{"start":{"line":43,"column":17},"end":{"line":43,"column":18}},"loc":{"start":{"line":43,"column":32},"end":{"line":45,"column":9}}},"12":{"name":"(anonymous_12)","decl":{"start":{"line":49,"column":39},"end":{"line":49,"column":40}},"loc":{"start":{"line":49,"column":57},"end":{"line":58,"column":1}}},"13":{"name":"(anonymous_13)","decl":{"start":{"line":52,"column":20},"end":{"line":52,"column":21}},"loc":{"start":{"line":52,"column":36},"end":{"line":52,"column":60}}},"14":{"name":"(anonymous_14)","decl":{"start":{"line":53,"column":19},"end":{"line":53,"column":22}},"loc":{"start":{"line":53,"column":24},"end":{"line":56,"column":9}}}},"branchMap":{"0":{"loc":{"start":{"line":26,"column":12},"end":{"line":26,"column":56}},"type":"if","locations":[{"start":{"line":26,"column":12},"end":{"line":26,"column":56}},{"start":{},"end":{}}]},"1":{"loc":{"start":{"line":26,"column":16},"end":{"line":26,"column":34}},"type":"cond-expr","locations":[{"start":{"line":26,"column":23},"end":{"line":26,"column":25}},{"start":{"line":26,"column":16},"end":{"line":26,"column":34}}]},"2":{"loc":{"start":{"line":26,"column":16},"end":{"line":26,"column":25}},"type":"binary-expr","locations":[{"start":{"line":26,"column":16},"end":{"line":26,"column":25}},{"start":{"line":26,"column":16},"end":{"line":26,"column":25}}]},"3":{"loc":{"start":{"line":29,"column":13},"end":{"line":29,"column":58}},"type":"if","locations":[{"start":{"line":29,"column":13},"end":{"line":29,"column":58}},{"start":{},"end":{}}]},"4":{"loc":{"start":{"line":29,"column":17},"end":{"line":29,"column":33}},"type":"cond-expr","locations":[{"start":{"line":29,"column":24},"end":{"line":29,"column":26}},{"start":{"line":29,"column":17},"end":{"line":29,"column":33}}]},"5":{"loc":{"start":{"line":29,"column":17},"end":{"line":29,"column":26}},"type":"binary-expr","locations":[{"start":{"line":29,"column":17},"end":{"line":29,"column":26}},{"start":{"line":29,"column":17},"end":{"line":29,"column":26}}]},"6":{"loc":{"start":{"line":41,"column":12},"end":{"line":41,"column":60}},"type":"if","locations":[{"start":{"line":41,"column":12},"end":{"line":41,"column":60}},{"start":{},"end":{}}]},"7":{"loc":{"start":{"line":41,"column":16},"end":{"line":41,"column":34}},"type":"cond-expr","locations":[{"start":{"line":41,"column":23},"end":{"line":41,"column":25}},{"start":{"line":41,"column":16},"end":{"line":41,"column":34}}]},"8":{"loc":{"start":{"line":41,"column":16},"end":{"line":41,"column":25}},"type":"binary-expr","locations":[{"start":{"line":41,"column":16},"end":{"line":41,"column":25}},{"start":{"line":41,"column":16},"end":{"line":41,"column":25}}]},"9":{"loc":{"start":{"line":44,"column":12},"end":{"line":44,"column":57}},"type":"if","locations":[{"start":{"line":44,"column":12},"end":{"line":44,"column":57}},{"start":{},"end":{}}]},"10":{"loc":{"start":{"line":44,"column":16},"end":{"line":44,"column":32}},"type":"cond-expr","locations":[{"start":{"line":44,"column":23},"end":{"line":44,"column":25}},{"start":{"line":44,"column":16},"end":{"line":44,"column":32}}]},"11":{"loc":{"start":{"line":44,"column":16},"end":{"line":44,"column":25}},"type":"binary-expr","locations":[{"start":{"line":44,"column":16},"end":{"line":44,"column":25}},{"start":{"line":44,"column":16},"end":{"line":44,"column":25}}]},"12":{"loc":{"start":{"line":55,"column":12},"end":{"line":55,"column":56}},"type":"if","locations":[{"start":{"line":55,"column":12},"end":{"line":55,"column":56}},{"start":{},"end":{}}]},"13":{"loc":{"start":{"line":55,"column":16},"end":{"line":55,"column":34}},"type":"cond-expr","locations":[{"start":{"line":55,"column":23},"end":{"line":55,"column":25}},{"start":{"line":55,"column":16},"end":{"line":55,"column":34}}]},"14":{"loc":{"start":{"line":55,"column":16},"end":{"line":55,"column":25}},"type":"binary-expr","locations":[{"start":{"line":55,"column":16},"end":{"line":55,"column":25}},{"start":{"line":55,"column":16},"end":{"line":55,"column":25}}]}},"s":{"0":0,"1":0,"2":0,"3":0,"4":0,"5":0,"6":0,"7":0,"8":0,"9":0,"10":0,"11":0,"12":0,"13":0,"14":0,"15":0,"16":0,"17":0,"18":0,"19":0,"20":0,"21":0,"22":0,"23":0,"24":0,"25":0,"26":0,"27":0,"28":0,"29":0,"30":0,"31":0,"32":0,"33":0,"34":0,"35":0,"36":0,"37":0,"38":0},"f":{"0":0,"1":0,"2":0,"3":0,"4":0,"5":0,"6":0,"7":0,"8":0,"9":0,"10":0,"11":0,"12":0,"13":0,"14":0},"b":{"0":[0,0],"1":[0,0],"2":[0,0],"3":[0,0],"4":[0,0],"5":[0,0],"6":[0,0],"7":[0,0],"8":[0,0],"9":[0,0],"10":[0,0],"11":[0,0],"12":[0,0],"13":[0,0],"14":[0,0]}}
,"C:\\Users\\carlo\\OneDrive\\Escritorio\\ticket-registrator\\ticket-registrator\\packages\\shared\\src\\hooks\\useTickets.ts": {"path":"C:\\Users\\carlo\\OneDrive\\Escritorio\\ticket-registrator\\ticket-registrator\\packages\\shared\\src\\hooks\\useTickets.ts","statementMap":{"0":{"start":{"line":1,"column":0},"end":{"line":1,"column":78}},"1":{"start":{"line":2,"column":0},"end":{"line":2,"column":45}},"2":{"start":{"line":5,"column":31},"end":{"line":11,"column":1}},"3":{"start":{"line":6,"column":4},"end":{"line":10,"column":7}},"4":{"start":{"line":8,"column":23},"end":{"line":8,"column":58}},"5":{"start":{"line":5,"column":13},"end":{"line":5,"column":31}},"6":{"start":{"line":13,"column":30},"end":{"line":19,"column":1}},"7":{"start":{"line":14,"column":4},"end":{"line":18,"column":7}},"8":{"start":{"line":16,"column":23},"end":{"line":16,"column":60}},"9":{"start":{"line":13,"column":13},"end":{"line":13,"column":30}},"10":{"start":{"line":21,"column":39},"end":{"line":33,"column":1}},"11":{"start":{"line":22,"column":24},"end":{"line":22,"column":40}},"12":{"start":{"line":23,"column":4},"end":{"line":32,"column":7}},"13":{"start":{"line":25,"column":12},"end":{"line":25,"column":52}},"14":{"start":{"line":27,"column":12},"end":{"line":27,"column":89}},"15":{"start":{"line":28,"column":12},"end":{"line":28,"column":69}},"16":{"start":{"line":29,"column":12},"end":{"line":29,"column":60}},"17":{"start":{"line":29,"column":36},"end":{"line":29,"column":60}},"18":{"start":{"line":21,"column":13},"end":{"line":21,"column":39}},"19":{"start":{"line":35,"column":39},"end":{"line":47,"column":1}},"20":{"start":{"line":36,"column":24},"end":{"line":36,"column":40}},"21":{"start":{"line":37,"column":4},"end":{"line":46,"column":7}},"22":{"start":{"line":39,"column":12},"end":{"line":39,"column":58}},"23":{"start":{"line":41,"column":12},"end":{"line":41,"column":89}},"24":{"start":{"line":42,"column":12},"end":{"line":42,"column":69}},"25":{"start":{"line":43,"column":12},"end":{"line":43,"column":60}},"26":{"start":{"line":43,"column":36},"end":{"line":43,"column":60}},"27":{"start":{"line":35,"column":13},"end":{"line":35,"column":39}},"28":{"start":{"line":49,"column":39},"end":{"line":61,"column":1}},"29":{"start":{"line":50,"column":24},"end":{"line":50,"column":40}},"30":{"start":{"line":51,"column":4},"end":{"line":60,"column":7}},"31":{"start":{"line":53,"column":12},"end":{"line":53,"column":52}},"32":{"start":{"line":55,"column":12},"end":{"line":55,"column":89}},"33":{"start":{"line":56,"column":12},"end":{"line":56,"column":69}},"34":{"start":{"line":57,"column":12},"end":{"line":57,"column":56}},"35":{"start":{"line":57,"column":36},"end":{"line":57,"column":56}},"36":{"start":{"line":49,"column":13},"end":{"line":49,"column":39}},"37":{"start":{"line":63,"column":35},"end":{"line":70,"column":1}},"38":{"start":{"line":64,"column":4},"end":{"line":69,"column":7}},"39":{"start":{"line":66,"column":23},"end":{"line":66,"column":68}},"40":{"start":{"line":63,"column":13},"end":{"line":63,"column":35}}},"fnMap":{"0":{"name":"(anonymous_0)","decl":{"start":{"line":5,"column":31},"end":{"line":5,"column":32}},"loc":{"start":{"line":5,"column":52},"end":{"line":11,"column":1}}},"1":{"name":"(anonymous_1)","decl":{"start":{"line":8,"column":17},"end":{"line":8,"column":20}},"loc":{"start":{"line":8,"column":23},"end":{"line":8,"column":58}}},"2":{"name":"(anonymous_2)","decl":{"start":{"line":13,"column":30},"end":{"line":13,"column":31}},"loc":{"start":{"line":13,"column":69},"end":{"line":19,"column":1}}},"3":{"name":"(anonymous_3)","decl":{"start":{"line":16,"column":17},"end":{"line":16,"column":20}},"loc":{"start":{"line":16,"column":23},"end":{"line":16,"column":60}}},"4":{"name":"(anonymous_4)","decl":{"start":{"line":21,"column":39},"end":{"line":21,"column":40}},"loc":{"start":{"line":21,"column":57},"end":{"line":33,"column":1}}},"5":{"name":"(anonymous_5)","decl":{"start":{"line":24,"column":20},"end":{"line":24,"column":21}},"loc":{"start":{"line":25,"column":12},"end":{"line":25,"column":52}}},"6":{"name":"(anonymous_6)","decl":{"start":{"line":26,"column":19},"end":{"line":26,"column":20}},"loc":{"start":{"line":26,"column":39},"end":{"line":30,"column":9}}},"7":{"name":"(anonymous_7)","decl":{"start":{"line":35,"column":39},"end":{"line":35,"column":40}},"loc":{"start":{"line":35,"column":57},"end":{"line":47,"column":1}}},"8":{"name":"(anonymous_8)","decl":{"start":{"line":38,"column":20},"end":{"line":38,"column":21}},"loc":{"start":{"line":39,"column":12},"end":{"line":39,"column":58}}},"9":{"name":"(anonymous_9)","decl":{"start":{"line":40,"column":19},"end":{"line":40,"column":20}},"loc":{"start":{"line":40,"column":39},"end":{"line":44,"column":9}}},"10":{"name":"(anonymous_10)","decl":{"start":{"line":49,"column":39},"end":{"line":49,"column":40}},"loc":{"start":{"line":49,"column":57},"end":{"line":61,"column":1}}},"11":{"name":"(anonymous_11)","decl":{"start":{"line":52,"column":20},"end":{"line":52,"column":21}},"loc":{"start":{"line":53,"column":12},"end":{"line":53,"column":52}}},"12":{"name":"(anonymous_12)","decl":{"start":{"line":54,"column":19},"end":{"line":54,"column":20}},"loc":{"start":{"line":54,"column":36},"end":{"line":58,"column":9}}},"13":{"name":"(anonymous_13)","decl":{"start":{"line":63,"column":35},"end":{"line":63,"column":36}},"loc":{"start":{"line":63,"column":74},"end":{"line":70,"column":1}}},"14":{"name":"(anonymous_14)","decl":{"start":{"line":66,"column":17},"end":{"line":66,"column":20}},"loc":{"start":{"line":66,"column":23},"end":{"line":66,"column":68}}}},"branchMap":{"0":{"loc":{"start":{"line":17,"column":17},"end":{"line":17,"column":41}},"type":"binary-expr","locations":[{"start":{"line":17,"column":17},"end":{"line":17,"column":27}},{"start":{"line":17,"column":31},"end":{"line":17,"column":41}}]},"1":{"loc":{"start":{"line":29,"column":12},"end":{"line":29,"column":60}},"type":"if","locations":[{"start":{"line":29,"column":12},"end":{"line":29,"column":60}},{"start":{},"end":{}}]},"2":{"loc":{"start":{"line":29,"column":16},"end":{"line":29,"column":34}},"type":"cond-expr","locations":[{"start":{"line":29,"column":23},"end":{"line":29,"column":25}},{"start":{"line":29,"column":16},"end":{"line":29,"column":34}}]},"3":{"loc":{"start":{"line":29,"column":16},"end":{"line":29,"column":25}},"type":"binary-expr","locations":[{"start":{"line":29,"column":16},"end":{"line":29,"column":25}},{"start":{"line":29,"column":16},"end":{"line":29,"column":25}}]},"4":{"loc":{"start":{"line":43,"column":12},"end":{"line":43,"column":60}},"type":"if","locations":[{"start":{"line":43,"column":12},"end":{"line":43,"column":60}},{"start":{},"end":{}}]},"5":{"loc":{"start":{"line":43,"column":16},"end":{"line":43,"column":34}},"type":"cond-expr","locations":[{"start":{"line":43,"column":23},"end":{"line":43,"column":25}},{"start":{"line":43,"column":16},"end":{"line":43,"column":34}}]},"6":{"loc":{"start":{"line":43,"column":16},"end":{"line":43,"column":25}},"type":"binary-expr","locations":[{"start":{"line":43,"column":16},"end":{"line":43,"column":25}},{"start":{"line":43,"column":16},"end":{"line":43,"column":25}}]},"7":{"loc":{"start":{"line":57,"column":12},"end":{"line":57,"column":56}},"type":"if","locations":[{"start":{"line":57,"column":12},"end":{"line":57,"column":56}},{"start":{},"end":{}}]},"8":{"loc":{"start":{"line":57,"column":16},"end":{"line":57,"column":34}},"type":"cond-expr","locations":[{"start":{"line":57,"column":23},"end":{"line":57,"column":25}},{"start":{"line":57,"column":16},"end":{"line":57,"column":34}}]},"9":{"loc":{"start":{"line":57,"column":16},"end":{"line":57,"column":25}},"type":"binary-expr","locations":[{"start":{"line":57,"column":16},"end":{"line":57,"column":25}},{"start":{"line":57,"column":16},"end":{"line":57,"column":25}}]},"10":{"loc":{"start":{"line":67,"column":17},"end":{"line":67,"column":41}},"type":"binary-expr","locations":[{"start":{"line":67,"column":17},"end":{"line":67,"column":27}},{"start":{"line":67,"column":31},"end":{"line":67,"column":41}}]}},"s":{"0":0,"1":0,"2":0,"3":0,"4":0,"5":0,"6":0,"7":0,"8":0,"9":0,"10":0,"11":0,"12":0,"13":0,"14":0,"15":0,"16":0,"17":0,"18":0,"19":0,"20":0,"21":0,"22":0,"23":0,"24":0,"25":0,"26":0,"27":0,"28":0,"29":0,"30":0,"31":0,"32":0,"33":0,"34":0,"35":0,"36":0,"37":0,"38":0,"39":0,"40":0},"f":{"0":0,"1":0,"2":0,"3":0,"4":0,"5":0,"6":0,"7":0,"8":0,"9":0,"10":0,"11":0,"12":0,"13":0,"14":0},"b":{"0":[0,0],"1":[0,0],"2":[0,0],"3":[0,0],"4":[0,0],"5":[0,0],"6":[0,0],"7":[0,0],"8":[0,0],"9":[0,0],"10":[0,0]}}
,"C:\\Users\\carlo\\OneDrive\\Escritorio\\ticket-registrator\\ticket-registrator\\packages\\shared\\src\\i18n\\index.ts": {"path":"C:\\Users\\carlo\\OneDrive\\Escritorio\\ticket-registrator\\ticket-registrator\\packages\\shared\\src\\i18n\\index.ts","statementMap":{"0":{"start":{"line":1,"column":0},"end":{"line":1,"column":7}},"1":{"start":{"line":12,"column":9},"end":{"line":1,"column":30}},"2":{"start":{"line":2,"column":0},"end":{"line":2,"column":7}},"3":{"start":{"line":12,"column":13},"end":{"line":2,"column":30}},"4":{"start":{"line":4,"column":13},"end":{"line":7,"column":2}}},"fnMap":{},"branchMap":{},"s":{"0":0,"1":0,"2":0,"3":0,"4":0},"f":{},"b":{}}
,"C:\\Users\\carlo\\OneDrive\\Escritorio\\ticket-registrator\\ticket-registrator\\packages\\shared\\src\\i18n\\locales\\en.ts": {"path":"C:\\Users\\carlo\\OneDrive\\Escritorio\\ticket-registrator\\ticket-registrator\\packages\\shared\\src\\i18n\\locales\\en.ts","statementMap":{"0":{"start":{"line":1,"column":0},"end":{"line":217,"column":11}}},"fnMap":{},"branchMap":{},"s":{"0":0},"f":{},"b":{}}
,"C:\\Users\\carlo\\OneDrive\\Escritorio\\ticket-registrator\\ticket-registrator\\packages\\shared\\src\\i18n\\locales\\es.ts": {"path":"C:\\Users\\carlo\\OneDrive\\Escritorio\\ticket-registrator\\ticket-registrator\\packages\\shared\\src\\i18n\\locales\\es.ts","statementMap":{"0":{"start":{"line":1,"column":0},"end":{"line":217,"column":11}}},"fnMap":{},"branchMap":{},"s":{"0":0},"f":{},"b":{}}
,"C:\\Users\\carlo\\OneDrive\\Escritorio\\ticket-registrator\\ticket-registrator\\packages\\shared\\src\\schemas\\auth\\login.schema.ts": {"path":"C:\\Users\\carlo\\OneDrive\\Escritorio\\ticket-registrator\\ticket-registrator\\packages\\shared\\src\\schemas\\auth\\login.schema.ts","statementMap":{"0":{"start":{"line":1,"column":0},"end":{"line":1,"column":23}},"1":{"start":{"line":3,"column":13},"end":{"line":6,"column":null}}},"fnMap":{},"branchMap":{},"s":{"0":0,"1":0},"f":{},"b":{}}
,"C:\\Users\\carlo\\OneDrive\\Escritorio\\ticket-registrator\\ticket-registrator\\packages\\shared\\src\\schemas\\auth\\register.schema.ts": {"path":"C:\\Users\\carlo\\OneDrive\\Escritorio\\ticket-registrator\\ticket-registrator\\packages\\shared\\src\\schemas\\auth\\register.schema.ts","statementMap":{"0":{"start":{"line":1,"column":0},"end":{"line":1,"column":24}},"1":{"start":{"line":4,"column":22},"end":{"line":4,"column":41}},"2":{"start":{"line":5,"column":13},"end":{"line":19,"column":5}},"3":{"start":{"line":16,"column":20},"end":{"line":16,"column":58}}},"fnMap":{"0":{"name":"(anonymous_0)","decl":{"start":{"line":16,"column":10},"end":{"line":16,"column":11}},"loc":{"start":{"line":16,"column":20},"end":{"line":16,"column":58}}}},"branchMap":{},"s":{"0":0,"1":0,"2":0,"3":0},"f":{"0":0},"b":{}}
,"C:\\Users\\carlo\\OneDrive\\Escritorio\\ticket-registrator\\ticket-registrator\\packages\\shared\\src\\schemas\\department\\createDepartment.schema.ts": {"path":"C:\\Users\\carlo\\OneDrive\\Escritorio\\ticket-registrator\\ticket-registrator\\packages\\shared\\src\\schemas\\department\\createDepartment.schema.ts","statementMap":{"0":{"start":{"line":1,"column":0},"end":{"line":1,"column":24}},"1":{"start":{"line":3,"column":13},"end":{"line":5,"column":12}}},"fnMap":{},"branchMap":{},"s":{"0":0,"1":0},"f":{},"b":{}}
,"C:\\Users\\carlo\\OneDrive\\Escritorio\\ticket-registrator\\ticket-registrator\\packages\\shared\\src\\schemas\\department\\updateDepartment.schema.ts": {"path":"C:\\Users\\carlo\\OneDrive\\Escritorio\\ticket-registrator\\ticket-registrator\\packages\\shared\\src\\schemas\\department\\updateDepartment.schema.ts","statementMap":{"0":{"start":{"line":1,"column":0},"end":{"line":1,"column":24}},"1":{"start":{"line":3,"column":13},"end":{"line":5,"column":12}}},"fnMap":{},"branchMap":{},"s":{"0":0,"1":0},"f":{},"b":{}}
,"C:\\Users\\carlo\\OneDrive\\Escritorio\\ticket-registrator\\ticket-registrator\\packages\\shared\\src\\schemas\\organization\\onboardOrganization.schema.ts": {"path":"C:\\Users\\carlo\\OneDrive\\Escritorio\\ticket-registrator\\ticket-registrator\\packages\\shared\\src\\schemas\\organization\\onboardOrganization.schema.ts","statementMap":{"0":{"start":{"line":1,"column":0},"end":{"line":1,"column":24}},"1":{"start":{"line":4,"column":25},"end":{"line":8,"column":11}},"2":{"start":{"line":10,"column":13},"end":{"line":15,"column":12}}},"fnMap":{},"branchMap":{},"s":{"0":0,"1":0,"2":0},"f":{},"b":{}}
,"C:\\Users\\carlo\\OneDrive\\Escritorio\\ticket-registrator\\ticket-registrator\\packages\\shared\\src\\schemas\\organization\\updateOrganization.schema.ts": {"path":"C:\\Users\\carlo\\OneDrive\\Escritorio\\ticket-registrator\\ticket-registrator\\packages\\shared\\src\\schemas\\organization\\updateOrganization.schema.ts","statementMap":{"0":{"start":{"line":1,"column":0},"end":{"line":1,"column":24}},"1":{"start":{"line":3,"column":13},"end":{"line":5,"column":12}}},"fnMap":{},"branchMap":{},"s":{"0":0,"1":0},"f":{},"b":{}}
,"C:\\Users\\carlo\\OneDrive\\Escritorio\\ticket-registrator\\ticket-registrator\\packages\\shared\\src\\schemas\\permissions\\assignPermission.schema.ts": {"path":"C:\\Users\\carlo\\OneDrive\\Escritorio\\ticket-registrator\\ticket-registrator\\packages\\shared\\src\\schemas\\permissions\\assignPermission.schema.ts","statementMap":{"0":{"start":{"line":1,"column":0},"end":{"line":1,"column":24}},"1":{"start":{"line":3,"column":13},"end":{"line":7,"column":3}}},"fnMap":{},"branchMap":{},"s":{"0":0,"1":0},"f":{},"b":{}}
,"C:\\Users\\carlo\\OneDrive\\Escritorio\\ticket-registrator\\ticket-registrator\\packages\\shared\\src\\schemas\\permissions\\createPermission.schema.ts": {"path":"C:\\Users\\carlo\\OneDrive\\Escritorio\\ticket-registrator\\ticket-registrator\\packages\\shared\\src\\schemas\\permissions\\createPermission.schema.ts","statementMap":{"0":{"start":{"line":1,"column":0},"end":{"line":1,"column":24}},"1":{"start":{"line":3,"column":13},"end":{"line":6,"column":3}}},"fnMap":{},"branchMap":{},"s":{"0":0,"1":0},"f":{},"b":{}}
,"C:\\Users\\carlo\\OneDrive\\Escritorio\\ticket-registrator\\ticket-registrator\\packages\\shared\\src\\schemas\\permissions\\updatePermission.schema.ts": {"path":"C:\\Users\\carlo\\OneDrive\\Escritorio\\ticket-registrator\\ticket-registrator\\packages\\shared\\src\\schemas\\permissions\\updatePermission.schema.ts","statementMap":{"0":{"start":{"line":2,"column":0},"end":{"line":2,"column":67}},"1":{"start":{"line":4,"column":13},"end":{"line":4,"column":71}}},"fnMap":{},"branchMap":{},"s":{"0":0,"1":0},"f":{},"b":{}}
,"C:\\Users\\carlo\\OneDrive\\Escritorio\\ticket-registrator\\ticket-registrator\\packages\\shared\\src\\schemas\\permissions\\userPermissionOverride.schema.ts": {"path":"C:\\Users\\carlo\\OneDrive\\Escritorio\\ticket-registrator\\ticket-registrator\\packages\\shared\\src\\schemas\\permissions\\userPermissionOverride.schema.ts","statementMap":{"0":{"start":{"line":1,"column":0},"end":{"line":1,"column":24}},"1":{"start":{"line":2,"column":0},"end":{"line":2,"column":59}},"2":{"start":{"line":4,"column":13},"end":{"line":8,"column":3}}},"fnMap":{},"branchMap":{},"s":{"0":0,"1":0,"2":0},"f":{},"b":{}}
,"C:\\Users\\carlo\\OneDrive\\Escritorio\\ticket-registrator\\ticket-registrator\\packages\\shared\\src\\schemas\\reports\\createReport.schema.ts": {"path":"C:\\Users\\carlo\\OneDrive\\Escritorio\\ticket-registrator\\ticket-registrator\\packages\\shared\\src\\schemas\\reports\\createReport.schema.ts","statementMap":{"0":{"start":{"line":1,"column":0},"end":{"line":1,"column":24}},"1":{"start":{"line":3,"column":13},"end":{"line":10,"column":null}}},"fnMap":{},"branchMap":{},"s":{"0":1,"1":1},"f":{},"b":{}}
,"C:\\Users\\carlo\\OneDrive\\Escritorio\\ticket-registrator\\ticket-registrator\\packages\\shared\\src\\schemas\\reports\\updateReport.schema.ts": {"path":"C:\\Users\\carlo\\OneDrive\\Escritorio\\ticket-registrator\\ticket-registrator\\packages\\shared\\src\\schemas\\reports\\updateReport.schema.ts","statementMap":{"0":{"start":{"line":1,"column":0},"end":{"line":1,"column":24}},"1":{"start":{"line":2,"column":0},"end":{"line":2,"column":60}},"2":{"start":{"line":4,"column":13},"end":{"line":10,"column":12}},"3":{"start":{"line":13,"column":13},"end":{"line":19,"column":12}}},"fnMap":{},"branchMap":{},"s":{"0":0,"1":0,"2":0,"3":0},"f":{},"b":{}}
,"C:\\Users\\carlo\\OneDrive\\Escritorio\\ticket-registrator\\ticket-registrator\\packages\\shared\\src\\schemas\\roles\\createRole.schema.ts": {"path":"C:\\Users\\carlo\\OneDrive\\Escritorio\\ticket-registrator\\ticket-registrator\\packages\\shared\\src\\schemas\\roles\\createRole.schema.ts","statementMap":{"0":{"start":{"line":1,"column":0},"end":{"line":1,"column":24}},"1":{"start":{"line":3,"column":13},"end":{"line":7,"column":12}}},"fnMap":{},"branchMap":{},"s":{"0":0,"1":0},"f":{},"b":{}}
,"C:\\Users\\carlo\\OneDrive\\Escritorio\\ticket-registrator\\ticket-registrator\\packages\\shared\\src\\schemas\\tickets\\createItem.schema.ts": {"path":"C:\\Users\\carlo\\OneDrive\\Escritorio\\ticket-registrator\\ticket-registrator\\packages\\shared\\src\\schemas\\tickets\\createItem.schema.ts","statementMap":{"0":{"start":{"line":2,"column":0},"end":{"line":2,"column":24}},"1":{"start":{"line":4,"column":13},"end":{"line":8,"column":3}}},"fnMap":{},"branchMap":{},"s":{"0":0,"1":0},"f":{},"b":{}}
,"C:\\Users\\carlo\\OneDrive\\Escritorio\\ticket-registrator\\ticket-registrator\\packages\\shared\\src\\schemas\\tickets\\createTicket.schema.ts": {"path":"C:\\Users\\carlo\\OneDrive\\Escritorio\\ticket-registrator\\ticket-registrator\\packages\\shared\\src\\schemas\\tickets\\createTicket.schema.ts","statementMap":{"0":{"start":{"line":2,"column":0},"end":{"line":2,"column":24}},"1":{"start":{"line":3,"column":0},"end":{"line":3,"column":55}},"2":{"start":{"line":6,"column":13},"end":{"line":21,"column":3}}},"fnMap":{},"branchMap":{},"s":{"0":0,"1":0,"2":0},"f":{},"b":{}}
,"C:\\Users\\carlo\\OneDrive\\Escritorio\\ticket-registrator\\ticket-registrator\\packages\\shared\\src\\schemas\\tickets\\updateTicket.schema.ts": {"path":"C:\\Users\\carlo\\OneDrive\\Escritorio\\ticket-registrator\\ticket-registrator\\packages\\shared\\src\\schemas\\tickets\\updateTicket.schema.ts","statementMap":{"0":{"start":{"line":1,"column":0},"end":{"line":1,"column":24}},"1":{"start":{"line":2,"column":0},"end":{"line":2,"column":60}},"2":{"start":{"line":3,"column":0},"end":{"line":3,"column":75}},"3":{"start":{"line":6,"column":13},"end":{"line":19,"column":12}},"4":{"start":{"line":22,"column":13},"end":{"line":25,"column":12}},"5":{"start":{"line":28,"column":13},"end":{"line":33,"column":12}}},"fnMap":{},"branchMap":{},"s":{"0":0,"1":0,"2":0,"3":0,"4":0,"5":0},"f":{},"b":{}}
,"C:\\Users\\carlo\\OneDrive\\Escritorio\\ticket-registrator\\ticket-registrator\\packages\\shared\\src\\schemas\\users\\updateUser.schema.ts": {"path":"C:\\Users\\carlo\\OneDrive\\Escritorio\\ticket-registrator\\ticket-registrator\\packages\\shared\\src\\schemas\\users\\updateUser.schema.ts","statementMap":{"0":{"start":{"line":1,"column":0},"end":{"line":1,"column":24}},"1":{"start":{"line":4,"column":22},"end":{"line":4,"column":41}},"2":{"start":{"line":6,"column":13},"end":{"line":20,"column":5}},"3":{"start":{"line":17,"column":20},"end":{"line":17,"column":76}}},"fnMap":{"0":{"name":"(anonymous_0)","decl":{"start":{"line":17,"column":10},"end":{"line":17,"column":11}},"loc":{"start":{"line":17,"column":20},"end":{"line":17,"column":76}}}},"branchMap":{"0":{"loc":{"start":{"line":17,"column":20},"end":{"line":17,"column":76}},"type":"binary-expr","locations":[{"start":{"line":17,"column":20},"end":{"line":17,"column":34}},{"start":{"line":17,"column":38},"end":{"line":17,"column":76}}]}},"s":{"0":0,"1":0,"2":0,"3":0},"f":{"0":0},"b":{"0":[0,0]}}
,"C:\\Users\\carlo\\OneDrive\\Escritorio\\ticket-registrator\\ticket-registrator\\packages\\shared\\src\\statuses\\item-status.ts": {"path":"C:\\Users\\carlo\\OneDrive\\Escritorio\\ticket-registrator\\ticket-registrator\\packages\\shared\\src\\statuses\\item-status.ts","statementMap":{"0":{"start":{"line":1,"column":13},"end":{"line":6,"column":11}}},"fnMap":{},"branchMap":{},"s":{"0":0},"f":{},"b":{}}
,"C:\\Users\\carlo\\OneDrive\\Escritorio\\ticket-registrator\\ticket-registrator\\packages\\shared\\src\\statuses\\report-status.ts": {"path":"C:\\Users\\carlo\\OneDrive\\Escritorio\\ticket-registrator\\ticket-registrator\\packages\\shared\\src\\statuses\\report-status.ts","statementMap":{"0":{"start":{"line":1,"column":13},"end":{"line":6,"column":11}}},"fnMap":{},"branchMap":{},"s":{"0":0},"f":{},"b":{}}
,"C:\\Users\\carlo\\OneDrive\\Escritorio\\ticket-registrator\\ticket-registrator\\packages\\shared\\src\\statuses\\ticket-lifecycle.ts": {"path":"C:\\Users\\carlo\\OneDrive\\Escritorio\\ticket-registrator\\ticket-registrator\\packages\\shared\\src\\statuses\\ticket-lifecycle.ts","statementMap":{"0":{"start":{"line":1,"column":13},"end":{"line":4,"column":11}}},"fnMap":{},"branchMap":{},"s":{"0":0},"f":{},"b":{}}
,"C:\\Users\\carlo\\OneDrive\\Escritorio\\ticket-registrator\\ticket-registrator\\packages\\shared\\src\\statuses\\ticket-status.ts": {"path":"C:\\Users\\carlo\\OneDrive\\Escritorio\\ticket-registrator\\ticket-registrator\\packages\\shared\\src\\statuses\\ticket-status.ts","statementMap":{"0":{"start":{"line":1,"column":13},"end":{"line":5,"column":11}}},"fnMap":{},"branchMap":{},"s":{"0":0},"f":{},"b":{}}
,"C:\\Users\\carlo\\OneDrive\\Escritorio\\ticket-registrator\\ticket-registrator\\packages\\shared\\src\\user-roles\\permissions.ts": {"path":"C:\\Users\\carlo\\OneDrive\\Escritorio\\ticket-registrator\\ticket-registrator\\packages\\shared\\src\\user-roles\\permissions.ts","statementMap":{"0":{"start":{"line":1,"column":13},"end":{"line":52,"column":11}}},"fnMap":{},"branchMap":{},"s":{"0":1},"f":{},"b":{}}
,"C:\\Users\\carlo\\OneDrive\\Escritorio\\ticket-registrator\\ticket-registrator\\packages\\shared\\src\\user-roles\\role-default-permissions.ts": {"path":"C:\\Users\\carlo\\OneDrive\\Escritorio\\ticket-registrator\\ticket-registrator\\packages\\shared\\src\\user-roles\\role-default-permissions.ts","statementMap":{"0":{"start":{"line":2,"column":0},"end":{"line":2,"column":32}},"1":{"start":{"line":3,"column":0},"end":{"line":3,"column":44}},"2":{"start":{"line":6,"column":24},"end":{"line":6,"column":70}},"3":{"start":{"line":8,"column":13},"end":{"line":97,"column":2}}},"fnMap":{},"branchMap":{},"s":{"0":1,"1":1,"2":1,"3":1},"f":{},"b":{}}
,"C:\\Users\\carlo\\OneDrive\\Escritorio\\ticket-registrator\\ticket-registrator\\packages\\shared\\src\\user-roles\\roles.ts": {"path":"C:\\Users\\carlo\\OneDrive\\Escritorio\\ticket-registrator\\ticket-registrator\\packages\\shared\\src\\user-roles\\roles.ts","statementMap":{"0":{"start":{"line":1,"column":13},"end":{"line":7,"column":11}},"1":{"start":{"line":12,"column":13},"end":{"line":17,"column":11}},"2":{"start":{"line":19,"column":13},"end":{"line":25,"column":2}},"3":{"start":{"line":27,"column":13},"end":{"line":32,"column":11}}},"fnMap":{},"branchMap":{},"s":{"0":1,"1":1,"2":1,"3":1},"f":{},"b":{}}
}
